TN:
SF:src\FigureCalculator.js
FN:2,(anonymous_0)
FN:6,(anonymous_1)
FN:20,(anonymous_2)
FN:33,(anonymous_3)
FN:34,(anonymous_4)
FNF:5
FNH:3
FNDA:7,(anonymous_0)
FNDA:7,(anonymous_1)
FNDA:7,(anonymous_2)
FNDA:0,(anonymous_3)
FNDA:0,(anonymous_4)
DA:3,7
DA:7,7
DA:8,3
DA:11,4
DA:13,4
DA:14,3
DA:17,1
DA:21,7
DA:22,3
DA:25,4
DA:27,4
DA:28,3
DA:31,1
DA:37,1
LF:14
LH:14
BRDA:7,0,0,3
BRDA:7,0,1,4
BRDA:13,1,0,3
BRDA:13,1,1,1
BRDA:13,2,0,4
BRDA:13,2,1,2
BRDA:21,3,0,3
BRDA:21,3,1,4
BRDA:27,4,0,3
BRDA:27,4,1,1
BRDA:27,5,0,4
BRDA:27,5,1,1
BRF:12
BRH:12
end_of_record
TN:
SF:src\MathBasic.js
FN:2,(anonymous_0)
FN:15,(anonymous_1)
FN:28,(anonymous_2)
FN:41,(anonymous_3)
FNF:4
FNH:4
FNDA:11,(anonymous_0)
FNDA:12,(anonymous_1)
FNDA:14,(anonymous_2)
FNDA:11,(anonymous_3)
DA:1,2
DA:3,11
DA:4,4
DA:7,7
DA:9,7
DA:10,3
DA:13,4
DA:16,12
DA:17,4
DA:20,8
DA:22,8
DA:23,4
DA:26,4
DA:29,14
DA:30,4
DA:33,10
DA:35,10
DA:36,4
DA:39,6
DA:42,11
DA:43,4
DA:46,7
DA:48,7
DA:49,4
DA:52,3
DA:56,2
LF:26
LH:26
BRDA:3,0,0,4
BRDA:3,0,1,7
BRDA:9,1,0,3
BRDA:9,1,1,4
BRDA:9,2,0,7
BRDA:9,2,1,4
BRDA:16,3,0,4
BRDA:16,3,1,8
BRDA:22,4,0,4
BRDA:22,4,1,4
BRDA:22,5,0,8
BRDA:22,5,1,4
BRDA:29,6,0,4
BRDA:29,6,1,10
BRDA:35,7,0,4
BRDA:35,7,1,6
BRDA:35,8,0,10
BRDA:35,8,1,6
BRDA:42,9,0,4
BRDA:42,9,1,7
BRDA:48,10,0,4
BRDA:48,10,1,3
BRDA:48,11,0,7
BRDA:48,11,1,3
BRF:24
BRH:24
end_of_record
