TN:
SF:src\FigureCalculator.js
FN:2,(anonymous_0)
FN:6,(anonymous_1)
FN:20,(anonymous_2)
FN:34,(anonymous_3)
FN:48,(anonymous_4)
FNF:5
FNH:5
FNDA:17,(anonymous_0)
FNDA:8,(anonymous_1)
FNDA:8,(anonymous_2)
FNDA:9,(anonymous_3)
FNDA:8,(anonymous_4)
DA:3,17
DA:7,8
DA:8,3
DA:11,5
DA:13,5
DA:14,3
DA:17,2
DA:21,8
DA:22,3
DA:25,5
DA:27,5
DA:28,3
DA:31,2
DA:35,9
DA:36,4
DA:39,5
DA:41,5
DA:42,3
DA:45,2
DA:49,8
DA:50,3
DA:53,5
DA:55,5
DA:56,3
DA:59,2
DA:63,2
LF:26
LH:26
BRDA:7,0,0,3
BRDA:7,0,1,5
BRDA:13,1,0,3
BRDA:13,1,1,2
BRDA:13,2,0,5
BRDA:13,2,1,3
BRDA:21,3,0,3
BRDA:21,3,1,5
BRDA:27,4,0,3
BRDA:27,4,1,2
BRDA:27,5,0,5
BRDA:27,5,1,2
BRDA:35,6,0,4
BRDA:35,6,1,5
BRDA:41,7,0,3
BRDA:41,7,1,2
BRDA:41,8,0,5
BRDA:41,8,1,2
BRDA:41,8,2,2
BRDA:49,9,0,3
BRDA:49,9,1,5
BRDA:55,10,0,3
BRDA:55,10,1,2
BRDA:55,11,0,5
BRDA:55,11,1,4
BRF:25
BRH:25
end_of_record
TN:
SF:src\MathBasic.js
FN:2,(anonymous_0)
FN:15,(anonymous_1)
FN:28,(anonymous_2)
FN:41,(anonymous_3)
FNF:4
FNH:4
FNDA:17,(anonymous_0)
FNDA:13,(anonymous_1)
FNDA:19,(anonymous_2)
FNDA:14,(anonymous_3)
DA:1,3
DA:3,17
DA:4,4
DA:7,13
DA:9,13
DA:10,3
DA:13,10
DA:16,13
DA:17,4
DA:20,9
DA:22,9
DA:23,4
DA:26,5
DA:29,19
DA:30,4
DA:33,15
DA:35,15
DA:36,4
DA:39,11
DA:42,14
DA:43,4
DA:46,10
DA:48,10
DA:49,4
DA:52,6
DA:56,3
LF:26
LH:26
BRDA:3,0,0,4
BRDA:3,0,1,13
BRDA:9,1,0,3
BRDA:9,1,1,10
BRDA:9,2,0,13
BRDA:9,2,1,10
BRDA:16,3,0,4
BRDA:16,3,1,9
BRDA:22,4,0,4
BRDA:22,4,1,5
BRDA:22,5,0,9
BRDA:22,5,1,5
BRDA:29,6,0,4
BRDA:29,6,1,15
BRDA:35,7,0,4
BRDA:35,7,1,11
BRDA:35,8,0,15
BRDA:35,8,1,11
BRDA:42,9,0,4
BRDA:42,9,1,10
BRDA:48,10,0,4
BRDA:48,10,1,6
BRDA:48,11,0,10
BRDA:48,11,1,6
BRF:24
BRH:24
end_of_record
TN:
SF:src\createServer.js
FN:3,(anonymous_0)
FN:13,(anonymous_1)
FN:22,(anonymous_2)
FN:31,(anonymous_3)
FN:40,(anonymous_4)
FN:49,(anonymous_5)
FN:58,(anonymous_6)
FN:67,(anonymous_7)
FN:76,(anonymous_8)
FNF:9
FNH:9
FNDA:8,(anonymous_0)
FNDA:1,(anonymous_1)
FNDA:1,(anonymous_2)
FNDA:1,(anonymous_3)
FNDA:1,(anonymous_4)
FNDA:1,(anonymous_5)
FNDA:1,(anonymous_6)
FNDA:1,(anonymous_7)
FNDA:1,(anonymous_8)
DA:1,1
DA:3,1
DA:4,8
DA:9,8
DA:14,1
DA:15,1
DA:16,1
DA:23,1
DA:24,1
DA:25,1
DA:32,1
DA:33,1
DA:34,1
DA:41,1
DA:42,1
DA:43,1
DA:50,1
DA:51,1
DA:52,1
DA:59,1
DA:60,1
DA:61,1
DA:68,1
DA:69,1
DA:70,1
DA:77,1
DA:78,1
DA:79,1
DA:84,8
DA:87,1
LF:30
LH:30
BRF:0
BRH:0
end_of_record
