{"C:\\Users\\Lenovo\\Desktop\\Backend Expert Dicoding\\auth-api\\src\\Applications\\security\\AuthenticationTokenManager.js": {"path":"C:\\Users\\Lenovo\\Desktop\\Backend Expert Dicoding\\auth-api\\src\\Applications\\security\\AuthenticationTokenManager.js","statementMap":{"0":{"start":{"line":3,"column":8},"end":{"line":3,"column":78}},"1":{"start":{"line":7,"column":8},"end":{"line":7,"column":78}},"2":{"start":{"line":11,"column":8},"end":{"line":11,"column":78}},"3":{"start":{"line":15,"column":8},"end":{"line":15,"column":78}},"4":{"start":{"line":19,"column":0},"end":{"line":19,"column":43}}},"fnMap":{"0":{"name":"(anonymous_0)","decl":{"start":{"line":2,"column":4},"end":{"line":2,"column":5}},"loc":{"start":{"line":2,"column":38},"end":{"line":4,"column":5}},"line":2},"1":{"name":"(anonymous_1)","decl":{"start":{"line":6,"column":4},"end":{"line":6,"column":5}},"loc":{"start":{"line":6,"column":37},"end":{"line":8,"column":5}},"line":6},"2":{"name":"(anonymous_2)","decl":{"start":{"line":10,"column":4},"end":{"line":10,"column":5}},"loc":{"start":{"line":10,"column":38},"end":{"line":12,"column":5}},"line":10},"3":{"name":"(anonymous_3)","decl":{"start":{"line":14,"column":4},"end":{"line":14,"column":5}},"loc":{"start":{"line":14,"column":33},"end":{"line":16,"column":5}},"line":14}},"branchMap":{},"s":{"0":1,"1":1,"2":1,"3":1,"4":5},"f":{"0":1,"1":1,"2":1,"3":1},"b":{},"_coverageSchema":"1a1c01bbd47fc00a2c39e90264f33305004495a9","hash":"59c4212ce26dd87db66d34da9807f39926b74e2b"}
,"C:\\Users\\Lenovo\\Desktop\\Backend Expert Dicoding\\auth-api\\src\\Applications\\security\\PasswordHash.js": {"path":"C:\\Users\\Lenovo\\Desktop\\Backend Expert Dicoding\\auth-api\\src\\Applications\\security\\PasswordHash.js","statementMap":{"0":{"start":{"line":3,"column":8},"end":{"line":3,"column":63}},"1":{"start":{"line":7,"column":8},"end":{"line":7,"column":63}},"2":{"start":{"line":11,"column":0},"end":{"line":11,"column":29}}},"fnMap":{"0":{"name":"(anonymous_0)","decl":{"start":{"line":2,"column":4},"end":{"line":2,"column":5}},"loc":{"start":{"line":2,"column":25},"end":{"line":4,"column":5}},"line":2},"1":{"name":"(anonymous_1)","decl":{"start":{"line":6,"column":4},"end":{"line":6,"column":5}},"loc":{"start":{"line":6,"column":60},"end":{"line":8,"column":5}},"line":6}},"branchMap":{},"s":{"0":1,"1":1,"2":5},"f":{"0":1,"1":1},"b":{},"_coverageSchema":"1a1c01bbd47fc00a2c39e90264f33305004495a9","hash":"e798f2468f54a10bfb87e2a0bbfcf25e6addf00b"}
,"C:\\Users\\Lenovo\\Desktop\\Backend Expert Dicoding\\auth-api\\src\\Applications\\use_cases\\AddUserUseCase.js": {"path":"C:\\Users\\Lenovo\\Desktop\\Backend Expert Dicoding\\auth-api\\src\\Applications\\use_cases\\AddUserUseCase.js","statementMap":{"0":{"start":{"line":1,"column":21},"end":{"line":1,"column":73}},"1":{"start":{"line":5,"column":8},"end":{"line":5,"column":45}},"2":{"start":{"line":6,"column":8},"end":{"line":6,"column":41}},"3":{"start":{"line":10,"column":29},"end":{"line":10,"column":61}},"4":{"start":{"line":11,"column":8},"end":{"line":11,"column":81}},"5":{"start":{"line":12,"column":8},"end":{"line":12,"column":84}},"6":{"start":{"line":13,"column":8},"end":{"line":13,"column":57}},"7":{"start":{"line":17,"column":0},"end":{"line":17,"column":31}}},"fnMap":{"0":{"name":"(anonymous_0)","decl":{"start":{"line":4,"column":4},"end":{"line":4,"column":5}},"loc":{"start":{"line":4,"column":48},"end":{"line":7,"column":5}},"line":4},"1":{"name":"(anonymous_1)","decl":{"start":{"line":9,"column":4},"end":{"line":9,"column":5}},"loc":{"start":{"line":9,"column":34},"end":{"line":14,"column":5}},"line":9}},"branchMap":{},"s":{"0":2,"1":2,"2":2,"3":7,"4":3,"5":2,"6":2,"7":2},"f":{"0":2,"1":7},"b":{},"_coverageSchema":"1a1c01bbd47fc00a2c39e90264f33305004495a9","hash":"c00fea34df75b282180324b914eefe26b5964d7d"}
,"C:\\Users\\Lenovo\\Desktop\\Backend Expert Dicoding\\auth-api\\src\\Applications\\use_cases\\LoginUserUseCase.js": {"path":"C:\\Users\\Lenovo\\Desktop\\Backend Expert Dicoding\\auth-api\\src\\Applications\\use_cases\\LoginUserUseCase.js","statementMap":{"0":{"start":{"line":1,"column":18},"end":{"line":1,"column":67}},"1":{"start":{"line":2,"column":16},"end":{"line":2,"column":73}},"2":{"start":{"line":6,"column":8},"end":{"line":6,"column":45}},"3":{"start":{"line":7,"column":8},"end":{"line":7,"column":69}},"4":{"start":{"line":8,"column":8},"end":{"line":8,"column":41}},"5":{"start":{"line":9,"column":8},"end":{"line":9,"column":65}},"6":{"start":{"line":13,"column":26},"end":{"line":13,"column":55}},"7":{"start":{"line":14,"column":34},"end":{"line":14,"column":102}},"8":{"start":{"line":15,"column":8},"end":{"line":15,"column":92}},"9":{"start":{"line":16,"column":23},"end":{"line":16,"column":90}},"10":{"start":{"line":17,"column":28},"end":{"line":20,"column":10}},"11":{"start":{"line":21,"column":29},"end":{"line":24,"column":10}},"12":{"start":{"line":25,"column":8},"end":{"line":25,"column":74}},"13":{"start":{"line":27,"column":8},"end":{"line":27,"column":54}},"14":{"start":{"line":31,"column":0},"end":{"line":31,"column":33}}},"fnMap":{"0":{"name":"(anonymous_0)","decl":{"start":{"line":5,"column":4},"end":{"line":5,"column":5}},"loc":{"start":{"line":5,"column":102},"end":{"line":10,"column":5}},"line":5},"1":{"name":"(anonymous_1)","decl":{"start":{"line":12,"column":4},"end":{"line":12,"column":5}},"loc":{"start":{"line":12,"column":34},"end":{"line":28,"column":5}},"line":12}},"branchMap":{},"s":{"0":2,"1":2,"2":1,"3":1,"4":1,"5":1,"6":1,"7":1,"8":1,"9":1,"10":1,"11":1,"12":1,"13":1,"14":2},"f":{"0":1,"1":1},"b":{},"_coverageSchema":"1a1c01bbd47fc00a2c39e90264f33305004495a9","hash":"f0fb81c8689400401fb8e3c0feeeae5d05672fb1"}
,"C:\\Users\\Lenovo\\Desktop\\Backend Expert Dicoding\\auth-api\\src\\Applications\\use_cases\\RefreshAuthenticationUseCase.js": {"path":"C:\\Users\\Lenovo\\Desktop\\Backend Expert Dicoding\\auth-api\\src\\Applications\\use_cases\\RefreshAuthenticationUseCase.js","statementMap":{"0":{"start":{"line":3,"column":8},"end":{"line":3,"column":65}},"1":{"start":{"line":4,"column":8},"end":{"line":4,"column":69}},"2":{"start":{"line":8,"column":8},"end":{"line":8,"column":43}},"3":{"start":{"line":10,"column":8},"end":{"line":10,"column":81}},"4":{"start":{"line":11,"column":8},"end":{"line":11,"column":78}},"5":{"start":{"line":13,"column":33},"end":{"line":13,"column":101}},"6":{"start":{"line":15,"column":8},"end":{"line":18,"column":10}},"7":{"start":{"line":23,"column":8},"end":{"line":25,"column":9}},"8":{"start":{"line":24,"column":12},"end":{"line":24,"column":81}},"9":{"start":{"line":27,"column":8},"end":{"line":29,"column":9}},"10":{"start":{"line":28,"column":12},"end":{"line":28,"column":86}},"11":{"start":{"line":33,"column":0},"end":{"line":33,"column":45}}},"fnMap":{"0":{"name":"(anonymous_0)","decl":{"start":{"line":2,"column":4},"end":{"line":2,"column":5}},"loc":{"start":{"line":2,"column":72},"end":{"line":5,"column":5}},"line":2},"1":{"name":"(anonymous_1)","decl":{"start":{"line":7,"column":4},"end":{"line":7,"column":5}},"loc":{"start":{"line":7,"column":34},"end":{"line":20,"column":5}},"line":7},"2":{"name":"(anonymous_2)","decl":{"start":{"line":22,"column":4},"end":{"line":22,"column":5}},"loc":{"start":{"line":22,"column":28},"end":{"line":30,"column":5}},"line":22}},"branchMap":{"0":{"loc":{"start":{"line":23,"column":8},"end":{"line":25,"column":9}},"type":"if","locations":[{"start":{"line":23,"column":8},"end":{"line":25,"column":9}},{"start":{},"end":{}}],"line":23},"1":{"loc":{"start":{"line":27,"column":8},"end":{"line":29,"column":9}},"type":"if","locations":[{"start":{"line":27,"column":8},"end":{"line":29,"column":9}},{"start":{},"end":{}}],"line":27}},"s":{"0":1,"1":1,"2":1,"3":1,"4":1,"5":1,"6":1,"7":1,"8":0,"9":1,"10":0,"11":1},"f":{"0":1,"1":1,"2":1},"b":{"0":[0,1],"1":[0,1]},"_coverageSchema":"1a1c01bbd47fc00a2c39e90264f33305004495a9","hash":"22878a8959f8342a8ca02129247c8d7732dce8f2"}
,"C:\\Users\\Lenovo\\Desktop\\Backend Expert Dicoding\\auth-api\\src\\Commons\\exceptions\\AuthenticationError.js": {"path":"C:\\Users\\Lenovo\\Desktop\\Backend Expert Dicoding\\auth-api\\src\\Commons\\exceptions\\AuthenticationError.js","statementMap":{"0":{"start":{"line":1,"column":20},"end":{"line":1,"column":44}},"1":{"start":{"line":5,"column":8},"end":{"line":5,"column":27}},"2":{"start":{"line":6,"column":8},"end":{"line":6,"column":41}},"3":{"start":{"line":10,"column":0},"end":{"line":10,"column":36}}},"fnMap":{"0":{"name":"(anonymous_0)","decl":{"start":{"line":4,"column":4},"end":{"line":4,"column":5}},"loc":{"start":{"line":4,"column":25},"end":{"line":7,"column":5}},"line":4}},"branchMap":{},"s":{"0":3,"1":2,"2":2,"3":3},"f":{"0":2},"b":{},"_coverageSchema":"1a1c01bbd47fc00a2c39e90264f33305004495a9","hash":"5b5cce2a328d8c9930db634f549d3b64bf803edc"}
,"C:\\Users\\Lenovo\\Desktop\\Backend Expert Dicoding\\auth-api\\src\\Commons\\exceptions\\ClientError.js": {"path":"C:\\Users\\Lenovo\\Desktop\\Backend Expert Dicoding\\auth-api\\src\\Commons\\exceptions\\ClientError.js","statementMap":{"0":{"start":{"line":3,"column":8},"end":{"line":3,"column":22}},"1":{"start":{"line":5,"column":8},"end":{"line":7,"column":9}},"2":{"start":{"line":6,"column":12},"end":{"line":6,"column":64}},"3":{"start":{"line":9,"column":8},"end":{"line":9,"column":36}},"4":{"start":{"line":10,"column":8},"end":{"line":10,"column":33}},"5":{"start":{"line":14,"column":0},"end":{"line":14,"column":28}}},"fnMap":{"0":{"name":"(anonymous_0)","decl":{"start":{"line":2,"column":4},"end":{"line":2,"column":5}},"loc":{"start":{"line":2,"column":43},"end":{"line":11,"column":5}},"line":2}},"branchMap":{"0":{"loc":{"start":{"line":2,"column":25},"end":{"line":2,"column":41}},"type":"default-arg","locations":[{"start":{"line":2,"column":38},"end":{"line":2,"column":41}}],"line":2},"1":{"loc":{"start":{"line":5,"column":8},"end":{"line":7,"column":9}},"type":"if","locations":[{"start":{"line":5,"column":8},"end":{"line":7,"column":9}},{"start":{},"end":{}}],"line":5}},"s":{"0":21,"1":21,"2":1,"3":20,"4":20,"5":9},"f":{"0":21},"b":{"0":[18],"1":[1,20]},"_coverageSchema":"1a1c01bbd47fc00a2c39e90264f33305004495a9","hash":"d380329257c3d63841eda66724d8db0e358f95c0"}
,"C:\\Users\\Lenovo\\Desktop\\Backend Expert Dicoding\\auth-api\\src\\Commons\\exceptions\\DomainErrorTransalator.js": {"path":"C:\\Users\\Lenovo\\Desktop\\Backend Expert Dicoding\\auth-api\\src\\Commons\\exceptions\\DomainErrorTransalator.js","statementMap":{"0":{"start":{"line":1,"column":23},"end":{"line":1,"column":50}},"1":{"start":{"line":3,"column":30},"end":{"line":7,"column":1}},"2":{"start":{"line":5,"column":8},"end":{"line":5,"column":73}},"3":{"start":{"line":9,"column":0},"end":{"line":14,"column":1}},"4":{"start":{"line":16,"column":0},"end":{"line":16,"column":38}}},"fnMap":{"0":{"name":"(anonymous_0)","decl":{"start":{"line":4,"column":4},"end":{"line":4,"column":5}},"loc":{"start":{"line":4,"column":21},"end":{"line":6,"column":5}},"line":4}},"branchMap":{"0":{"loc":{"start":{"line":5,"column":15},"end":{"line":5,"column":73}},"type":"binary-expr","locations":[{"start":{"line":5,"column":15},"end":{"line":5,"column":64}},{"start":{"line":5,"column":68},"end":{"line":5,"column":73}}],"line":5}},"s":{"0":2,"1":2,"2":12,"3":2,"4":2},"f":{"0":12},"b":{"0":[12,4]},"_coverageSchema":"1a1c01bbd47fc00a2c39e90264f33305004495a9","hash":"be35db0b084c159b6e206769c61fa35fb75db890"}
,"C:\\Users\\Lenovo\\Desktop\\Backend Expert Dicoding\\auth-api\\src\\Commons\\exceptions\\InvariantError.js": {"path":"C:\\Users\\Lenovo\\Desktop\\Backend Expert Dicoding\\auth-api\\src\\Commons\\exceptions\\InvariantError.js","statementMap":{"0":{"start":{"line":1,"column":20},"end":{"line":1,"column":44}},"1":{"start":{"line":5,"column":8},"end":{"line":5,"column":22}},"2":{"start":{"line":6,"column":8},"end":{"line":6,"column":36}},"3":{"start":{"line":10,"column":0},"end":{"line":10,"column":31}}},"fnMap":{"0":{"name":"(anonymous_0)","decl":{"start":{"line":4,"column":4},"end":{"line":4,"column":5}},"loc":{"start":{"line":4,"column":25},"end":{"line":7,"column":5}},"line":4}},"branchMap":{},"s":{"0":5,"1":17,"2":17,"3":5},"f":{"0":17},"b":{},"_coverageSchema":"1a1c01bbd47fc00a2c39e90264f33305004495a9","hash":"0ebfce347b86a2a9b8416b20407938dd056b4b5c"}
,"C:\\Users\\Lenovo\\Desktop\\Backend Expert Dicoding\\auth-api\\src\\Commons\\exceptions\\NotFoundError.js": {"path":"C:\\Users\\Lenovo\\Desktop\\Backend Expert Dicoding\\auth-api\\src\\Commons\\exceptions\\NotFoundError.js","statementMap":{"0":{"start":{"line":1,"column":20},"end":{"line":1,"column":44}},"1":{"start":{"line":5,"column":8},"end":{"line":5,"column":27}},"2":{"start":{"line":6,"column":8},"end":{"line":6,"column":35}},"3":{"start":{"line":10,"column":0},"end":{"line":10,"column":30}}},"fnMap":{"0":{"name":"(anonymous_0)","decl":{"start":{"line":4,"column":4},"end":{"line":4,"column":5}},"loc":{"start":{"line":4,"column":25},"end":{"line":7,"column":5}},"line":4}},"branchMap":{},"s":{"0":1,"1":1,"2":1,"3":1},"f":{"0":1},"b":{},"_coverageSchema":"1a1c01bbd47fc00a2c39e90264f33305004495a9","hash":"d13ab39ee7c4e925ba1db3fd1d0c4d4ef9679127"}
,"C:\\Users\\Lenovo\\Desktop\\Backend Expert Dicoding\\auth-api\\src\\Domains\\authentications\\AuthenticationRepository.js": {"path":"C:\\Users\\Lenovo\\Desktop\\Backend Expert Dicoding\\auth-api\\src\\Domains\\authentications\\AuthenticationRepository.js","statementMap":{"0":{"start":{"line":3,"column":8},"end":{"line":3,"column":75}},"1":{"start":{"line":7,"column":8},"end":{"line":7,"column":75}},"2":{"start":{"line":11,"column":8},"end":{"line":11,"column":75}},"3":{"start":{"line":15,"column":0},"end":{"line":15,"column":41}}},"fnMap":{"0":{"name":"(anonymous_0)","decl":{"start":{"line":2,"column":4},"end":{"line":2,"column":5}},"loc":{"start":{"line":2,"column":40},"end":{"line":4,"column":5}},"line":2},"1":{"name":"(anonymous_1)","decl":{"start":{"line":6,"column":4},"end":{"line":6,"column":5}},"loc":{"start":{"line":6,"column":42},"end":{"line":8,"column":5}},"line":6},"2":{"name":"(anonymous_2)","decl":{"start":{"line":10,"column":4},"end":{"line":10,"column":5}},"loc":{"start":{"line":10,"column":43},"end":{"line":12,"column":5}},"line":10}},"branchMap":{},"s":{"0":1,"1":1,"2":1,"3":5},"f":{"0":1,"1":1,"2":1},"b":{},"_coverageSchema":"1a1c01bbd47fc00a2c39e90264f33305004495a9","hash":"99adff685cc5fba74620fad5f41c2e357af85a10"}
,"C:\\Users\\Lenovo\\Desktop\\Backend Expert Dicoding\\auth-api\\src\\Domains\\authentications\\entities\\NewAuth.js": {"path":"C:\\Users\\Lenovo\\Desktop\\Backend Expert Dicoding\\auth-api\\src\\Domains\\authentications\\entities\\NewAuth.js","statementMap":{"0":{"start":{"line":3,"column":8},"end":{"line":3,"column":36}},"1":{"start":{"line":5,"column":8},"end":{"line":5,"column":46}},"2":{"start":{"line":6,"column":8},"end":{"line":6,"column":48}},"3":{"start":{"line":10,"column":46},"end":{"line":10,"column":53}},"4":{"start":{"line":12,"column":8},"end":{"line":14,"column":9}},"5":{"start":{"line":13,"column":12},"end":{"line":13,"column":67}},"6":{"start":{"line":16,"column":8},"end":{"line":18,"column":9}},"7":{"start":{"line":17,"column":12},"end":{"line":17,"column":72}},"8":{"start":{"line":22,"column":0},"end":{"line":22,"column":24}}},"fnMap":{"0":{"name":"(anonymous_0)","decl":{"start":{"line":2,"column":4},"end":{"line":2,"column":5}},"loc":{"start":{"line":2,"column":25},"end":{"line":7,"column":5}},"line":2},"1":{"name":"(anonymous_1)","decl":{"start":{"line":9,"column":4},"end":{"line":9,"column":5}},"loc":{"start":{"line":9,"column":28},"end":{"line":19,"column":5}},"line":9}},"branchMap":{"0":{"loc":{"start":{"line":12,"column":8},"end":{"line":14,"column":9}},"type":"if","locations":[{"start":{"line":12,"column":8},"end":{"line":14,"column":9}},{"start":{},"end":{}}],"line":12},"1":{"loc":{"start":{"line":12,"column":12},"end":{"line":12,"column":41}},"type":"binary-expr","locations":[{"start":{"line":12,"column":12},"end":{"line":12,"column":24}},{"start":{"line":12,"column":28},"end":{"line":12,"column":41}}],"line":12},"2":{"loc":{"start":{"line":16,"column":8},"end":{"line":18,"column":9}},"type":"if","locations":[{"start":{"line":16,"column":8},"end":{"line":18,"column":9}},{"start":{},"end":{}}],"line":16},"3":{"loc":{"start":{"line":16,"column":12},"end":{"line":16,"column":79}},"type":"binary-expr","locations":[{"start":{"line":16,"column":12},"end":{"line":16,"column":43}},{"start":{"line":16,"column":47},"end":{"line":16,"column":79}}],"line":16}},"s":{"0":5,"1":3,"2":3,"3":5,"4":5,"5":1,"6":4,"7":1,"8":3},"f":{"0":5,"1":5},"b":{"0":[1,4],"1":[5,5],"2":[1,3],"3":[4,4]},"_coverageSchema":"1a1c01bbd47fc00a2c39e90264f33305004495a9","hash":"cec9087187a383c126b7a3c311d04df8e651cd48"}
,"C:\\Users\\Lenovo\\Desktop\\Backend Expert Dicoding\\auth-api\\src\\Domains\\users\\UserRepository.js": {"path":"C:\\Users\\Lenovo\\Desktop\\Backend Expert Dicoding\\auth-api\\src\\Domains\\users\\UserRepository.js","statementMap":{"0":{"start":{"line":3,"column":8},"end":{"line":3,"column":65}},"1":{"start":{"line":7,"column":8},"end":{"line":7,"column":65}},"2":{"start":{"line":11,"column":8},"end":{"line":11,"column":65}},"3":{"start":{"line":15,"column":8},"end":{"line":15,"column":65}},"4":{"start":{"line":19,"column":0},"end":{"line":19,"column":31}}},"fnMap":{"0":{"name":"(anonymous_0)","decl":{"start":{"line":2,"column":4},"end":{"line":2,"column":5}},"loc":{"start":{"line":2,"column":32},"end":{"line":4,"column":5}},"line":2},"1":{"name":"(anonymous_1)","decl":{"start":{"line":6,"column":4},"end":{"line":6,"column":5}},"loc":{"start":{"line":6,"column":44},"end":{"line":8,"column":5}},"line":6},"2":{"name":"(anonymous_2)","decl":{"start":{"line":10,"column":4},"end":{"line":10,"column":5}},"loc":{"start":{"line":10,"column":36},"end":{"line":12,"column":5}},"line":10},"3":{"name":"(anonymous_3)","decl":{"start":{"line":14,"column":4},"end":{"line":14,"column":5}},"loc":{"start":{"line":14,"column":42},"end":{"line":16,"column":5}},"line":14}},"branchMap":{},"s":{"0":1,"1":1,"2":1,"3":1,"4":5},"f":{"0":1,"1":1,"2":1,"3":1},"b":{},"_coverageSchema":"1a1c01bbd47fc00a2c39e90264f33305004495a9","hash":"711dc0620c505e7499d7c8cbed37a35099567a1a"}
,"C:\\Users\\Lenovo\\Desktop\\Backend Expert Dicoding\\auth-api\\src\\Domains\\users\\entities\\LoginUser.js": {"path":"C:\\Users\\Lenovo\\Desktop\\Backend Expert Dicoding\\auth-api\\src\\Domains\\users\\entities\\LoginUser.js","statementMap":{"0":{"start":{"line":3,"column":8},"end":{"line":3,"column":36}},"1":{"start":{"line":5,"column":8},"end":{"line":5,"column":40}},"2":{"start":{"line":6,"column":8},"end":{"line":6,"column":40}},"3":{"start":{"line":10,"column":39},"end":{"line":10,"column":46}},"4":{"start":{"line":12,"column":8},"end":{"line":14,"column":9}},"5":{"start":{"line":13,"column":12},"end":{"line":13,"column":69}},"6":{"start":{"line":16,"column":8},"end":{"line":18,"column":9}},"7":{"start":{"line":17,"column":12},"end":{"line":17,"column":74}},"8":{"start":{"line":22,"column":0},"end":{"line":22,"column":26}}},"fnMap":{"0":{"name":"(anonymous_0)","decl":{"start":{"line":2,"column":4},"end":{"line":2,"column":5}},"loc":{"start":{"line":2,"column":25},"end":{"line":7,"column":5}},"line":2},"1":{"name":"(anonymous_1)","decl":{"start":{"line":9,"column":4},"end":{"line":9,"column":5}},"loc":{"start":{"line":9,"column":28},"end":{"line":19,"column":5}},"line":9}},"branchMap":{"0":{"loc":{"start":{"line":12,"column":8},"end":{"line":14,"column":9}},"type":"if","locations":[{"start":{"line":12,"column":8},"end":{"line":14,"column":9}},{"start":{},"end":{}}],"line":12},"1":{"loc":{"start":{"line":12,"column":11},"end":{"line":12,"column":33}},"type":"binary-expr","locations":[{"start":{"line":12,"column":11},"end":{"line":12,"column":20}},{"start":{"line":12,"column":24},"end":{"line":12,"column":33}}],"line":12},"2":{"loc":{"start":{"line":16,"column":8},"end":{"line":18,"column":9}},"type":"if","locations":[{"start":{"line":16,"column":8},"end":{"line":18,"column":9}},{"start":{},"end":{}}],"line":16},"3":{"loc":{"start":{"line":16,"column":11},"end":{"line":16,"column":71}},"type":"binary-expr","locations":[{"start":{"line":16,"column":11},"end":{"line":16,"column":39}},{"start":{"line":16,"column":43},"end":{"line":16,"column":71}}],"line":16}},"s":{"0":4,"1":2,"2":2,"3":4,"4":4,"5":1,"6":3,"7":1,"8":3},"f":{"0":4,"1":4},"b":{"0":[1,3],"1":[4,4],"2":[1,2],"3":[3,3]},"_coverageSchema":"1a1c01bbd47fc00a2c39e90264f33305004495a9","hash":"728d362b46d7cdcce422b7e7a40ef39cebfc6852"}
,"C:\\Users\\Lenovo\\Desktop\\Backend Expert Dicoding\\auth-api\\src\\Domains\\users\\entities\\RegisterUser.js": {"path":"C:\\Users\\Lenovo\\Desktop\\Backend Expert Dicoding\\auth-api\\src\\Domains\\users\\entities\\RegisterUser.js","statementMap":{"0":{"start":{"line":3,"column":8},"end":{"line":3,"column":36}},"1":{"start":{"line":5,"column":47},"end":{"line":5,"column":54}},"2":{"start":{"line":7,"column":8},"end":{"line":7,"column":32}},"3":{"start":{"line":8,"column":8},"end":{"line":8,"column":32}},"4":{"start":{"line":9,"column":8},"end":{"line":9,"column":32}},"5":{"start":{"line":13,"column":8},"end":{"line":15,"column":9}},"6":{"start":{"line":14,"column":12},"end":{"line":14,"column":72}},"7":{"start":{"line":17,"column":8},"end":{"line":19,"column":9}},"8":{"start":{"line":18,"column":12},"end":{"line":18,"column":77}},"9":{"start":{"line":21,"column":8},"end":{"line":23,"column":9}},"10":{"start":{"line":22,"column":12},"end":{"line":22,"column":64}},"11":{"start":{"line":25,"column":8},"end":{"line":27,"column":9}},"12":{"start":{"line":26,"column":12},"end":{"line":26,"column":82}},"13":{"start":{"line":31,"column":0},"end":{"line":31,"column":29}}},"fnMap":{"0":{"name":"(anonymous_0)","decl":{"start":{"line":2,"column":4},"end":{"line":2,"column":5}},"loc":{"start":{"line":2,"column":24},"end":{"line":10,"column":5}},"line":2},"1":{"name":"(anonymous_1)","decl":{"start":{"line":12,"column":4},"end":{"line":12,"column":5}},"loc":{"start":{"line":12,"column":51},"end":{"line":28,"column":5}},"line":12}},"branchMap":{"0":{"loc":{"start":{"line":13,"column":8},"end":{"line":15,"column":9}},"type":"if","locations":[{"start":{"line":13,"column":8},"end":{"line":15,"column":9}},{"start":{},"end":{}}],"line":13},"1":{"loc":{"start":{"line":13,"column":11},"end":{"line":13,"column":46}},"type":"binary-expr","locations":[{"start":{"line":13,"column":11},"end":{"line":13,"column":20}},{"start":{"line":13,"column":24},"end":{"line":13,"column":33}},{"start":{"line":13,"column":37},"end":{"line":13,"column":46}}],"line":13},"2":{"loc":{"start":{"line":17,"column":8},"end":{"line":19,"column":9}},"type":"if","locations":[{"start":{"line":17,"column":8},"end":{"line":19,"column":9}},{"start":{},"end":{}}],"line":17},"3":{"loc":{"start":{"line":17,"column":11},"end":{"line":17,"column":103}},"type":"binary-expr","locations":[{"start":{"line":17,"column":11},"end":{"line":17,"column":39}},{"start":{"line":17,"column":43},"end":{"line":17,"column":71}},{"start":{"line":17,"column":75},"end":{"line":17,"column":103}}],"line":17},"4":{"loc":{"start":{"line":21,"column":8},"end":{"line":23,"column":9}},"type":"if","locations":[{"start":{"line":21,"column":8},"end":{"line":23,"column":9}},{"start":{},"end":{}}],"line":21},"5":{"loc":{"start":{"line":25,"column":8},"end":{"line":27,"column":9}},"type":"if","locations":[{"start":{"line":25,"column":8},"end":{"line":27,"column":9}},{"start":{},"end":{}}],"line":25}},"s":{"0":16,"1":8,"2":8,"3":8,"4":8,"5":16,"6":2,"7":14,"8":2,"9":12,"10":2,"11":10,"12":2,"13":4},"f":{"0":16,"1":16},"b":{"0":[2,14],"1":[16,15,15],"2":[2,12],"3":[14,13,12],"4":[2,10],"5":[2,8]},"_coverageSchema":"1a1c01bbd47fc00a2c39e90264f33305004495a9","hash":"e5f9aea74ff86e9c1b8e6438e568737bf722712f"}
,"C:\\Users\\Lenovo\\Desktop\\Backend Expert Dicoding\\auth-api\\src\\Domains\\users\\entities\\RegisteredUser.js": {"path":"C:\\Users\\Lenovo\\Desktop\\Backend Expert Dicoding\\auth-api\\src\\Domains\\users\\entities\\RegisteredUser.js","statementMap":{"0":{"start":{"line":3,"column":8},"end":{"line":3,"column":36}},"1":{"start":{"line":5,"column":43},"end":{"line":5,"column":50}},"2":{"start":{"line":7,"column":8},"end":{"line":7,"column":20}},"3":{"start":{"line":8,"column":8},"end":{"line":8,"column":32}},"4":{"start":{"line":9,"column":8},"end":{"line":9,"column":32}},"5":{"start":{"line":13,"column":8},"end":{"line":15,"column":9}},"6":{"start":{"line":14,"column":12},"end":{"line":14,"column":74}},"7":{"start":{"line":17,"column":8},"end":{"line":19,"column":9}},"8":{"start":{"line":18,"column":12},"end":{"line":18,"column":79}},"9":{"start":{"line":23,"column":0},"end":{"line":23,"column":31}}},"fnMap":{"0":{"name":"(anonymous_0)","decl":{"start":{"line":2,"column":4},"end":{"line":2,"column":5}},"loc":{"start":{"line":2,"column":25},"end":{"line":10,"column":5}},"line":2},"1":{"name":"(anonymous_1)","decl":{"start":{"line":12,"column":4},"end":{"line":12,"column":5}},"loc":{"start":{"line":12,"column":47},"end":{"line":20,"column":5}},"line":12}},"branchMap":{"0":{"loc":{"start":{"line":13,"column":8},"end":{"line":15,"column":9}},"type":"if","locations":[{"start":{"line":13,"column":8},"end":{"line":15,"column":9}},{"start":{},"end":{}}],"line":13},"1":{"loc":{"start":{"line":13,"column":11},"end":{"line":13,"column":40}},"type":"binary-expr","locations":[{"start":{"line":13,"column":11},"end":{"line":13,"column":14}},{"start":{"line":13,"column":18},"end":{"line":13,"column":27}},{"start":{"line":13,"column":31},"end":{"line":13,"column":40}}],"line":13},"2":{"loc":{"start":{"line":17,"column":8},"end":{"line":19,"column":9}},"type":"if","locations":[{"start":{"line":17,"column":8},"end":{"line":19,"column":9}},{"start":{},"end":{}}],"line":17},"3":{"loc":{"start":{"line":17,"column":12},"end":{"line":17,"column":98}},"type":"binary-expr","locations":[{"start":{"line":17,"column":12},"end":{"line":17,"column":34}},{"start":{"line":17,"column":38},"end":{"line":17,"column":66}},{"start":{"line":17,"column":70},"end":{"line":17,"column":98}}],"line":17}},"s":{"0":10,"1":8,"2":8,"3":8,"4":8,"5":10,"6":1,"7":9,"8":1,"9":4},"f":{"0":10,"1":10},"b":{"0":[1,9],"1":[10,9,9],"2":[1,8],"3":[9,8,8]},"_coverageSchema":"1a1c01bbd47fc00a2c39e90264f33305004495a9","hash":"8a5263762b528d92c6436b1eb388b5c75000208c"}
,"C:\\Users\\Lenovo\\Desktop\\Backend Expert Dicoding\\auth-api\\src\\Infrastructures\\container.js": {"path":"C:\\Users\\Lenovo\\Desktop\\Backend Expert Dicoding\\auth-api\\src\\Infrastructures\\container.js","statementMap":{"0":{"start":{"line":3,"column":28},"end":{"line":3,"column":58}},"1":{"start":{"line":6,"column":19},"end":{"line":6,"column":36}},"2":{"start":{"line":7,"column":15},"end":{"line":7,"column":32}},"3":{"start":{"line":8,"column":13},"end":{"line":8,"column":48}},"4":{"start":{"line":9,"column":12},"end":{"line":9,"column":32}},"5":{"start":{"line":12,"column":23},"end":{"line":12,"column":65}},"6":{"start":{"line":13,"column":31},"end":{"line":13,"column":79}},"7":{"start":{"line":14,"column":21},"end":{"line":14,"column":69}},"8":{"start":{"line":15,"column":27},"end":{"line":15,"column":67}},"9":{"start":{"line":16,"column":35},"end":{"line":16,"column":97}},"10":{"start":{"line":17,"column":24},"end":{"line":17,"column":61}},"11":{"start":{"line":18,"column":33},"end":{"line":18,"column":95}},"12":{"start":{"line":19,"column":41},"end":{"line":19,"column":99}},"13":{"start":{"line":22,"column":23},"end":{"line":22,"column":74}},"14":{"start":{"line":23,"column":25},"end":{"line":23,"column":78}},"15":{"start":{"line":26,"column":18},"end":{"line":26,"column":35}},"16":{"start":{"line":29,"column":0},"end":{"line":77,"column":2}},"17":{"start":{"line":80,"column":0},"end":{"line":123,"column":2}},"18":{"start":{"line":125,"column":0},"end":{"line":125,"column":26}}},"fnMap":{},"branchMap":{},"s":{"0":1,"1":1,"2":1,"3":1,"4":1,"5":1,"6":1,"7":1,"8":1,"9":1,"10":1,"11":1,"12":1,"13":1,"14":1,"15":1,"16":1,"17":1,"18":1},"f":{},"b":{},"_coverageSchema":"1a1c01bbd47fc00a2c39e90264f33305004495a9","hash":"cbb84ecf861d70f29c88fc6107deed22d94a375d"}
,"C:\\Users\\Lenovo\\Desktop\\Backend Expert Dicoding\\auth-api\\src\\Infrastructures\\http\\createServer.js": {"path":"C:\\Users\\Lenovo\\Desktop\\Backend Expert Dicoding\\auth-api\\src\\Infrastructures\\http\\createServer.js","statementMap":{"0":{"start":{"line":1,"column":13},"end":{"line":1,"column":34}},"1":{"start":{"line":2,"column":15},"end":{"line":2,"column":46}},"2":{"start":{"line":3,"column":30},"end":{"line":3,"column":88}},"3":{"start":{"line":4,"column":20},"end":{"line":4,"column":67}},"4":{"start":{"line":5,"column":14},"end":{"line":5,"column":56}},"5":{"start":{"line":6,"column":24},"end":{"line":6,"column":76}},"6":{"start":{"line":8,"column":21},"end":{"line":58,"column":1}},"7":{"start":{"line":9,"column":19},"end":{"line":13,"column":6}},"8":{"start":{"line":15,"column":4},"end":{"line":24,"column":6}},"9":{"start":{"line":26,"column":4},"end":{"line":55,"column":6}},"10":{"start":{"line":27,"column":29},"end":{"line":27,"column":36}},"11":{"start":{"line":29,"column":8},"end":{"line":52,"column":9}},"12":{"start":{"line":30,"column":36},"end":{"line":30,"column":77}},"13":{"start":{"line":32,"column":12},"end":{"line":38,"column":13}},"14":{"start":{"line":33,"column":36},"end":{"line":36,"column":51}},"15":{"start":{"line":37,"column":16},"end":{"line":37,"column":34}},"16":{"start":{"line":41,"column":12},"end":{"line":43,"column":13}},"17":{"start":{"line":42,"column":16},"end":{"line":42,"column":34}},"18":{"start":{"line":46,"column":32},"end":{"line":49,"column":14}},"19":{"start":{"line":50,"column":12},"end":{"line":50,"column":34}},"20":{"start":{"line":51,"column":12},"end":{"line":51,"column":31}},"21":{"start":{"line":54,"column":8},"end":{"line":54,"column":25}},"22":{"start":{"line":57,"column":4},"end":{"line":57,"column":17}},"23":{"start":{"line":60,"column":0},"end":{"line":60,"column":29}}},"fnMap":{"0":{"name":"(anonymous_0)","decl":{"start":{"line":8,"column":21},"end":{"line":8,"column":22}},"loc":{"start":{"line":8,"column":42},"end":{"line":58,"column":1}},"line":8},"1":{"name":"(anonymous_1)","decl":{"start":{"line":26,"column":32},"end":{"line":26,"column":33}},"loc":{"start":{"line":26,"column":48},"end":{"line":55,"column":5}},"line":26}},"branchMap":{"0":{"loc":{"start":{"line":29,"column":8},"end":{"line":52,"column":9}},"type":"if","locations":[{"start":{"line":29,"column":8},"end":{"line":52,"column":9}},{"start":{},"end":{}}],"line":29},"1":{"loc":{"start":{"line":32,"column":12},"end":{"line":38,"column":13}},"type":"if","locations":[{"start":{"line":32,"column":12},"end":{"line":38,"column":13}},{"start":{},"end":{}}],"line":32},"2":{"loc":{"start":{"line":41,"column":12},"end":{"line":43,"column":13}},"type":"if","locations":[{"start":{"line":41,"column":12},"end":{"line":43,"column":13}},{"start":{},"end":{}}],"line":41}},"s":{"0":1,"1":1,"2":1,"3":1,"4":1,"5":1,"6":1,"7":8,"8":8,"9":8,"10":8,"11":8,"12":7,"13":7,"14":5,"15":5,"16":2,"17":1,"18":1,"19":1,"20":1,"21":1,"22":8,"23":1},"f":{"0":8,"1":8},"b":{"0":[7,1],"1":[5,2],"2":[1,1]},"_coverageSchema":"1a1c01bbd47fc00a2c39e90264f33305004495a9","hash":"5abeb520197afcfa07bcfb2966b3fee3396afc14"}
,"C:\\Users\\Lenovo\\Desktop\\Backend Expert Dicoding\\auth-api\\src\\Infrastructures\\repositories\\AuthenticationRepositoryPostgres.js": {"path":"C:\\Users\\Lenovo\\Desktop\\Backend Expert Dicoding\\auth-api\\src\\Infrastructures\\repositories\\AuthenticationRepositoryPostgres.js","statementMap":{"0":{"start":{"line":1,"column":23},"end":{"line":1,"column":73}},"1":{"start":{"line":2,"column":33},"end":{"line":2,"column":98}},"2":{"start":{"line":6,"column":8},"end":{"line":6,"column":15}},"3":{"start":{"line":7,"column":8},"end":{"line":7,"column":25}},"4":{"start":{"line":11,"column":22},"end":{"line":14,"column":9}},"5":{"start":{"line":16,"column":8},"end":{"line":16,"column":37}},"6":{"start":{"line":20,"column":22},"end":{"line":23,"column":9}},"7":{"start":{"line":25,"column":22},"end":{"line":25,"column":51}},"8":{"start":{"line":27,"column":8},"end":{"line":29,"column":9}},"9":{"start":{"line":28,"column":12},"end":{"line":28,"column":69}},"10":{"start":{"line":33,"column":22},"end":{"line":36,"column":9}},"11":{"start":{"line":38,"column":8},"end":{"line":38,"column":37}},"12":{"start":{"line":42,"column":0},"end":{"line":42,"column":49}}},"fnMap":{"0":{"name":"(anonymous_0)","decl":{"start":{"line":5,"column":4},"end":{"line":5,"column":5}},"loc":{"start":{"line":5,"column":22},"end":{"line":8,"column":5}},"line":5},"1":{"name":"(anonymous_1)","decl":{"start":{"line":10,"column":4},"end":{"line":10,"column":5}},"loc":{"start":{"line":10,"column":40},"end":{"line":17,"column":5}},"line":10},"2":{"name":"(anonymous_2)","decl":{"start":{"line":19,"column":4},"end":{"line":19,"column":5}},"loc":{"start":{"line":19,"column":42},"end":{"line":30,"column":5}},"line":19},"3":{"name":"(anonymous_3)","decl":{"start":{"line":32,"column":4},"end":{"line":32,"column":5}},"loc":{"start":{"line":32,"column":43},"end":{"line":39,"column":5}},"line":32}},"branchMap":{"0":{"loc":{"start":{"line":27,"column":8},"end":{"line":29,"column":9}},"type":"if","locations":[{"start":{"line":27,"column":8},"end":{"line":29,"column":9}},{"start":{},"end":{}}],"line":27}},"s":{"0":2,"1":2,"2":4,"3":4,"4":1,"5":1,"6":2,"7":2,"8":2,"9":1,"10":1,"11":1,"12":2},"f":{"0":4,"1":1,"2":2,"3":1},"b":{"0":[1,1]},"_coverageSchema":"1a1c01bbd47fc00a2c39e90264f33305004495a9","hash":"85bf20495ee1b8f5e85a7aa76334259a81d559c7"}
,"C:\\Users\\Lenovo\\Desktop\\Backend Expert Dicoding\\auth-api\\src\\Infrastructures\\repositories\\UserRepositoryPostgres.js": {"path":"C:\\Users\\Lenovo\\Desktop\\Backend Expert Dicoding\\auth-api\\src\\Infrastructures\\repositories\\UserRepositoryPostgres.js","statementMap":{"0":{"start":{"line":1,"column":23},"end":{"line":1,"column":73}},"1":{"start":{"line":2,"column":23},"end":{"line":2,"column":77}},"2":{"start":{"line":3,"column":23},"end":{"line":3,"column":68}},"3":{"start":{"line":7,"column":8},"end":{"line":7,"column":15}},"4":{"start":{"line":8,"column":8},"end":{"line":8,"column":25}},"5":{"start":{"line":9,"column":8},"end":{"line":9,"column":39}},"6":{"start":{"line":13,"column":22},"end":{"line":16,"column":9}},"7":{"start":{"line":18,"column":23},"end":{"line":18,"column":52}},"8":{"start":{"line":20,"column":8},"end":{"line":22,"column":9}},"9":{"start":{"line":21,"column":12},"end":{"line":21,"column":63}},"10":{"start":{"line":26,"column":49},"end":{"line":26,"column":61}},"11":{"start":{"line":27,"column":19},"end":{"line":27,"column":48}},"12":{"start":{"line":29,"column":22},"end":{"line":32,"column":9}},"13":{"start":{"line":34,"column":23},"end":{"line":34,"column":52}},"14":{"start":{"line":36,"column":8},"end":{"line":36,"column":54}},"15":{"start":{"line":40,"column":22},"end":{"line":43,"column":9}},"16":{"start":{"line":45,"column":23},"end":{"line":45,"column":52}},"17":{"start":{"line":47,"column":8},"end":{"line":47,"column":32}},"18":{"start":{"line":51,"column":22},"end":{"line":54,"column":9}},"19":{"start":{"line":56,"column":23},"end":{"line":56,"column":52}},"20":{"start":{"line":58,"column":8},"end":{"line":60,"column":9}},"21":{"start":{"line":59,"column":12},"end":{"line":59,"column":64}},"22":{"start":{"line":62,"column":8},"end":{"line":62,"column":38}},"23":{"start":{"line":66,"column":0},"end":{"line":66,"column":39}}},"fnMap":{"0":{"name":"(anonymous_0)","decl":{"start":{"line":6,"column":4},"end":{"line":6,"column":5}},"loc":{"start":{"line":6,"column":35},"end":{"line":10,"column":5}},"line":6},"1":{"name":"(anonymous_1)","decl":{"start":{"line":12,"column":4},"end":{"line":12,"column":5}},"loc":{"start":{"line":12,"column":44},"end":{"line":23,"column":5}},"line":12},"2":{"name":"(anonymous_2)","decl":{"start":{"line":25,"column":4},"end":{"line":25,"column":5}},"loc":{"start":{"line":25,"column":32},"end":{"line":37,"column":5}},"line":25},"3":{"name":"(anonymous_3)","decl":{"start":{"line":39,"column":4},"end":{"line":39,"column":5}},"loc":{"start":{"line":39,"column":36},"end":{"line":48,"column":5}},"line":39},"4":{"name":"(anonymous_4)","decl":{"start":{"line":50,"column":4},"end":{"line":50,"column":5}},"loc":{"start":{"line":50,"column":42},"end":{"line":63,"column":5}},"line":50}},"branchMap":{"0":{"loc":{"start":{"line":20,"column":8},"end":{"line":22,"column":9}},"type":"if","locations":[{"start":{"line":20,"column":8},"end":{"line":22,"column":9}},{"start":{},"end":{}}],"line":20},"1":{"loc":{"start":{"line":58,"column":8},"end":{"line":60,"column":9}},"type":"if","locations":[{"start":{"line":58,"column":8},"end":{"line":60,"column":9}},{"start":{},"end":{}}],"line":58}},"s":{"0":2,"1":2,"2":2,"3":8,"4":8,"5":8,"6":4,"7":4,"8":4,"9":2,"10":4,"11":4,"12":4,"13":4,"14":4,"15":1,"16":1,"17":1,"18":2,"19":2,"20":2,"21":1,"22":1,"23":2},"f":{"0":8,"1":4,"2":4,"3":1,"4":2},"b":{"0":[2,2],"1":[1,1]},"_coverageSchema":"1a1c01bbd47fc00a2c39e90264f33305004495a9","hash":"1b3650fcc9603f066e9584419ecd61f9a2e1a058"}
,"C:\\Users\\Lenovo\\Desktop\\Backend Expert Dicoding\\auth-api\\src\\Infrastructures\\security\\BcryptPasswordHash.js": {"path":"C:\\Users\\Lenovo\\Desktop\\Backend Expert Dicoding\\auth-api\\src\\Infrastructures\\security\\BcryptPasswordHash.js","statementMap":{"0":{"start":{"line":1,"column":21},"end":{"line":1,"column":72}},"1":{"start":{"line":2,"column":28},"end":{"line":2,"column":83}},"2":{"start":{"line":6,"column":8},"end":{"line":6,"column":15}},"3":{"start":{"line":7,"column":8},"end":{"line":7,"column":35}},"4":{"start":{"line":8,"column":8},"end":{"line":8,"column":29}},"5":{"start":{"line":12,"column":8},"end":{"line":12,"column":58}},"6":{"start":{"line":16,"column":23},"end":{"line":16,"column":82}},"7":{"start":{"line":18,"column":8},"end":{"line":20,"column":9}},"8":{"start":{"line":19,"column":12},"end":{"line":19,"column":80}},"9":{"start":{"line":24,"column":0},"end":{"line":24,"column":35}}},"fnMap":{"0":{"name":"(anonymous_0)","decl":{"start":{"line":5,"column":4},"end":{"line":5,"column":5}},"loc":{"start":{"line":5,"column":40},"end":{"line":9,"column":5}},"line":5},"1":{"name":"(anonymous_1)","decl":{"start":{"line":11,"column":4},"end":{"line":11,"column":5}},"loc":{"start":{"line":11,"column":25},"end":{"line":13,"column":5}},"line":11},"2":{"name":"(anonymous_2)","decl":{"start":{"line":15,"column":4},"end":{"line":15,"column":5}},"loc":{"start":{"line":15,"column":60},"end":{"line":21,"column":5}},"line":15}},"branchMap":{"0":{"loc":{"start":{"line":5,"column":24},"end":{"line":5,"column":38}},"type":"default-arg","locations":[{"start":{"line":5,"column":36},"end":{"line":5,"column":38}}],"line":5},"1":{"loc":{"start":{"line":18,"column":8},"end":{"line":20,"column":9}},"type":"if","locations":[{"start":{"line":18,"column":8},"end":{"line":20,"column":9}},{"start":{},"end":{}}],"line":18}},"s":{"0":2,"1":2,"2":4,"3":4,"4":4,"5":3,"6":2,"7":2,"8":1,"9":2},"f":{"0":4,"1":3,"2":2},"b":{"0":[4],"1":[1,1]},"_coverageSchema":"1a1c01bbd47fc00a2c39e90264f33305004495a9","hash":"888c309b8a2523b40c194902ee1203236b52343e"}
,"C:\\Users\\Lenovo\\Desktop\\Backend Expert Dicoding\\auth-api\\src\\Infrastructures\\security\\JwtTokenManager.js": {"path":"C:\\Users\\Lenovo\\Desktop\\Backend Expert Dicoding\\auth-api\\src\\Infrastructures\\security\\JwtTokenManager.js","statementMap":{"0":{"start":{"line":1,"column":35},"end":{"line":1,"column":100}},"1":{"start":{"line":5,"column":8},"end":{"line":5,"column":15}},"2":{"start":{"line":6,"column":8},"end":{"line":6,"column":23}},"3":{"start":{"line":10,"column":8},"end":{"line":10,"column":78}},"4":{"start":{"line":14,"column":8},"end":{"line":14,"column":79}},"5":{"start":{"line":18,"column":0},"end":{"line":18,"column":32}}},"fnMap":{"0":{"name":"(anonymous_0)","decl":{"start":{"line":4,"column":4},"end":{"line":4,"column":5}},"loc":{"start":{"line":4,"column":21},"end":{"line":7,"column":5}},"line":4},"1":{"name":"(anonymous_1)","decl":{"start":{"line":9,"column":4},"end":{"line":9,"column":5}},"loc":{"start":{"line":9,"column":37},"end":{"line":11,"column":5}},"line":9},"2":{"name":"(anonymous_2)","decl":{"start":{"line":13,"column":4},"end":{"line":13,"column":5}},"loc":{"start":{"line":13,"column":38},"end":{"line":15,"column":5}},"line":13}},"branchMap":{},"s":{"0":2,"1":2,"2":2,"3":1,"4":1,"5":2},"f":{"0":2,"1":1,"2":1},"b":{},"_coverageSchema":"1a1c01bbd47fc00a2c39e90264f33305004495a9","hash":"e3c55f2113fca6efdfae2457b06869b304d9bb9f"}
,"C:\\Users\\Lenovo\\Desktop\\Backend Expert Dicoding\\auth-api\\src\\Interfaces\\http\\api\\authentications\\handler.js": {"path":"C:\\Users\\Lenovo\\Desktop\\Backend Expert Dicoding\\auth-api\\src\\Interfaces\\http\\api\\authentications\\handler.js","statementMap":{"0":{"start":{"line":1,"column":25},"end":{"line":1,"column":87}},"1":{"start":{"line":5,"column":8},"end":{"line":5,"column":35}},"2":{"start":{"line":7,"column":8},"end":{"line":7,"column":82}},"3":{"start":{"line":11,"column":33},"end":{"line":11,"column":83}},"4":{"start":{"line":12,"column":23},"end":{"line":12,"column":70}},"5":{"start":{"line":14,"column":25},"end":{"line":19,"column":20}},"6":{"start":{"line":21,"column":8},"end":{"line":21,"column":23}},"7":{"start":{"line":25,"column":0},"end":{"line":25,"column":39}}},"fnMap":{"0":{"name":"(anonymous_0)","decl":{"start":{"line":4,"column":4},"end":{"line":4,"column":5}},"loc":{"start":{"line":4,"column":27},"end":{"line":8,"column":5}},"line":4},"1":{"name":"(anonymous_1)","decl":{"start":{"line":10,"column":4},"end":{"line":10,"column":5}},"loc":{"start":{"line":10,"column":48},"end":{"line":22,"column":5}},"line":10}},"branchMap":{},"s":{"0":1,"1":8,"2":8,"3":0,"4":0,"5":0,"6":0,"7":1},"f":{"0":8,"1":0},"b":{},"_coverageSchema":"1a1c01bbd47fc00a2c39e90264f33305004495a9","hash":"d48d8c29944f0ccd839effb791c734d10b463cdd"}
,"C:\\Users\\Lenovo\\Desktop\\Backend Expert Dicoding\\auth-api\\src\\Interfaces\\http\\api\\authentications\\index.js": {"path":"C:\\Users\\Lenovo\\Desktop\\Backend Expert Dicoding\\auth-api\\src\\Interfaces\\http\\api\\authentications\\index.js","statementMap":{"0":{"start":{"line":1,"column":31},"end":{"line":1,"column":51}},"1":{"start":{"line":2,"column":15},"end":{"line":2,"column":34}},"2":{"start":{"line":4,"column":0},"end":{"line":10,"column":1}},"3":{"start":{"line":7,"column":39},"end":{"line":7,"column":76}},"4":{"start":{"line":8,"column":8},"end":{"line":8,"column":52}}},"fnMap":{"0":{"name":"(anonymous_0)","decl":{"start":{"line":6,"column":14},"end":{"line":6,"column":15}},"loc":{"start":{"line":6,"column":44},"end":{"line":9,"column":5}},"line":6}},"branchMap":{},"s":{"0":1,"1":1,"2":1,"3":8,"4":8},"f":{"0":8},"b":{},"_coverageSchema":"1a1c01bbd47fc00a2c39e90264f33305004495a9","hash":"db55670e41bf8de30d2b6ee4f0ef3df4643018f2"}
,"C:\\Users\\Lenovo\\Desktop\\Backend Expert Dicoding\\auth-api\\src\\Interfaces\\http\\api\\authentications\\routes.js": {"path":"C:\\Users\\Lenovo\\Desktop\\Backend Expert Dicoding\\auth-api\\src\\Interfaces\\http\\api\\authentications\\routes.js","statementMap":{"0":{"start":{"line":1,"column":15},"end":{"line":7,"column":2}},"1":{"start":{"line":1,"column":29},"end":{"line":7,"column":1}},"2":{"start":{"line":9,"column":0},"end":{"line":9,"column":23}}},"fnMap":{"0":{"name":"(anonymous_0)","decl":{"start":{"line":1,"column":15},"end":{"line":1,"column":16}},"loc":{"start":{"line":1,"column":29},"end":{"line":7,"column":1}},"line":1}},"branchMap":{},"s":{"0":1,"1":8,"2":1},"f":{"0":8},"b":{},"_coverageSchema":"1a1c01bbd47fc00a2c39e90264f33305004495a9","hash":"17c11a2173e7210f5a632e19ab27d4e8fcdcb0d4"}
,"C:\\Users\\Lenovo\\Desktop\\Backend Expert Dicoding\\auth-api\\src\\Interfaces\\http\\api\\users\\handler.js": {"path":"C:\\Users\\Lenovo\\Desktop\\Backend Expert Dicoding\\auth-api\\src\\Interfaces\\http\\api\\users\\handler.js","statementMap":{"0":{"start":{"line":1,"column":23},"end":{"line":1,"column":83}},"1":{"start":{"line":5,"column":8},"end":{"line":5,"column":35}},"2":{"start":{"line":7,"column":8},"end":{"line":7,"column":62}},"3":{"start":{"line":11,"column":31},"end":{"line":11,"column":79}},"4":{"start":{"line":12,"column":26},"end":{"line":12,"column":71}},"5":{"start":{"line":14,"column":25},"end":{"line":19,"column":20}},"6":{"start":{"line":21,"column":8},"end":{"line":21,"column":23}},"7":{"start":{"line":25,"column":0},"end":{"line":25,"column":29}}},"fnMap":{"0":{"name":"(anonymous_0)","decl":{"start":{"line":4,"column":4},"end":{"line":4,"column":5}},"loc":{"start":{"line":4,"column":27},"end":{"line":8,"column":5}},"line":4},"1":{"name":"(anonymous_1)","decl":{"start":{"line":10,"column":4},"end":{"line":10,"column":5}},"loc":{"start":{"line":10,"column":38},"end":{"line":22,"column":5}},"line":10}},"branchMap":{},"s":{"0":1,"1":8,"2":8,"3":7,"4":6,"5":1,"6":1,"7":1},"f":{"0":8,"1":7},"b":{},"_coverageSchema":"1a1c01bbd47fc00a2c39e90264f33305004495a9","hash":"c451529ab7ced105a5115fe348ed1cdca418cc73"}
,"C:\\Users\\Lenovo\\Desktop\\Backend Expert Dicoding\\auth-api\\src\\Interfaces\\http\\api\\users\\index.js": {"path":"C:\\Users\\Lenovo\\Desktop\\Backend Expert Dicoding\\auth-api\\src\\Interfaces\\http\\api\\users\\index.js","statementMap":{"0":{"start":{"line":1,"column":21},"end":{"line":1,"column":41}},"1":{"start":{"line":2,"column":15},"end":{"line":2,"column":34}},"2":{"start":{"line":4,"column":0},"end":{"line":10,"column":1}},"3":{"start":{"line":7,"column":29},"end":{"line":7,"column":56}},"4":{"start":{"line":8,"column":8},"end":{"line":8,"column":42}}},"fnMap":{"0":{"name":"(anonymous_0)","decl":{"start":{"line":6,"column":14},"end":{"line":6,"column":15}},"loc":{"start":{"line":6,"column":45},"end":{"line":9,"column":5}},"line":6}},"branchMap":{},"s":{"0":1,"1":1,"2":1,"3":8,"4":8},"f":{"0":8},"b":{},"_coverageSchema":"1a1c01bbd47fc00a2c39e90264f33305004495a9","hash":"d5b3b5222139703c61f0d6e7aed16a6677cc0a32"}
,"C:\\Users\\Lenovo\\Desktop\\Backend Expert Dicoding\\auth-api\\src\\Interfaces\\http\\api\\users\\routes.js": {"path":"C:\\Users\\Lenovo\\Desktop\\Backend Expert Dicoding\\auth-api\\src\\Interfaces\\http\\api\\users\\routes.js","statementMap":{"0":{"start":{"line":1,"column":15},"end":{"line":7,"column":2}},"1":{"start":{"line":1,"column":29},"end":{"line":7,"column":1}},"2":{"start":{"line":9,"column":0},"end":{"line":9,"column":23}}},"fnMap":{"0":{"name":"(anonymous_0)","decl":{"start":{"line":1,"column":15},"end":{"line":1,"column":16}},"loc":{"start":{"line":1,"column":29},"end":{"line":7,"column":1}},"line":1}},"branchMap":{},"s":{"0":1,"1":8,"2":1},"f":{"0":8},"b":{},"_coverageSchema":"1a1c01bbd47fc00a2c39e90264f33305004495a9","hash":"ed2bfb31ef5a94fc1c70a348c2dafa6f7cb64fec"}
,"C:\\Users\\Lenovo\\Desktop\\Backend Expert Dicoding\\auth-api\\tests\\AuthenticationsTableTestHelper.js": {"path":"C:\\Users\\Lenovo\\Desktop\\Backend Expert Dicoding\\auth-api\\tests\\AuthenticationsTableTestHelper.js","statementMap":{"0":{"start":{"line":3,"column":13},"end":{"line":3,"column":69}},"1":{"start":{"line":5,"column":35},"end":{"line":29,"column":1}},"2":{"start":{"line":7,"column":22},"end":{"line":10,"column":9}},"3":{"start":{"line":12,"column":8},"end":{"line":12,"column":31}},"4":{"start":{"line":16,"column":22},"end":{"line":19,"column":9}},"5":{"start":{"line":21,"column":23},"end":{"line":21,"column":46}},"6":{"start":{"line":23,"column":8},"end":{"line":23,"column":26}},"7":{"start":{"line":27,"column":8},"end":{"line":27,"column":58}},"8":{"start":{"line":31,"column":0},"end":{"line":31,"column":43}}},"fnMap":{"0":{"name":"(anonymous_0)","decl":{"start":{"line":6,"column":4},"end":{"line":6,"column":5}},"loc":{"start":{"line":6,"column":40},"end":{"line":13,"column":5}},"line":6},"1":{"name":"(anonymous_1)","decl":{"start":{"line":15,"column":4},"end":{"line":15,"column":5}},"loc":{"start":{"line":15,"column":42},"end":{"line":24,"column":5}},"line":15},"2":{"name":"(anonymous_2)","decl":{"start":{"line":26,"column":4},"end":{"line":26,"column":5}},"loc":{"start":{"line":26,"column":23},"end":{"line":28,"column":5}},"line":26}},"branchMap":{},"s":{"0":1,"1":1,"2":2,"3":2,"4":2,"5":2,"6":2,"7":4,"8":1},"f":{"0":2,"1":2,"2":4},"b":{},"_coverageSchema":"1a1c01bbd47fc00a2c39e90264f33305004495a9","hash":"7eca2ee9ec8bae4b40d9a446780255a042029369"}
}
