{"C:\\Users\\Lenovo\\Desktop\\Backend Expert Dicoding\\hapi-server-test\\createServer.js": {"path":"C:\\Users\\Lenovo\\Desktop\\Backend Expert Dicoding\\hapi-server-test\\createServer.js","statementMap":{"0":{"start":{"line":1,"column":13},"end":{"line":1,"column":34}},"1":{"start":{"line":3,"column":21},"end":{"line":28,"column":1}},"2":{"start":{"line":4,"column":19},"end":{"line":7,"column":6}},"3":{"start":{"line":9,"column":4},"end":{"line":25,"column":6}},"4":{"start":{"line":14,"column":16},"end":{"line":14,"column":46}},"5":{"start":{"line":21,"column":33},"end":{"line":21,"column":47}},"6":{"start":{"line":22,"column":16},"end":{"line":22,"column":48}},"7":{"start":{"line":27,"column":4},"end":{"line":27,"column":17}},"8":{"start":{"line":30,"column":0},"end":{"line":30,"column":29}}},"fnMap":{"0":{"name":"(anonymous_0)","decl":{"start":{"line":3,"column":21},"end":{"line":3,"column":22}},"loc":{"start":{"line":3,"column":27},"end":{"line":28,"column":1}},"line":3},"1":{"name":"(anonymous_1)","decl":{"start":{"line":13,"column":21},"end":{"line":13,"column":22}},"loc":{"start":{"line":13,"column":27},"end":{"line":15,"column":13}},"line":13},"2":{"name":"(anonymous_2)","decl":{"start":{"line":20,"column":21},"end":{"line":20,"column":22}},"loc":{"start":{"line":20,"column":34},"end":{"line":23,"column":13}},"line":20}},"branchMap":{},"s":{"0":1,"1":1,"2":2,"3":2,"4":1,"5":1,"6":1,"7":2,"8":1},"f":{"0":2,"1":1,"2":1},"b":{},"_coverageSchema":"1a1c01bbd47fc00a2c39e90264f33305004495a9","hash":"299c2568727b0078838c3a3dc0850b9ad44820aa"}
}
